<?xml version="1.0" encoding="utf-8"?>
<CoverageSession xmlns:xsd="http://www.w3.org/2001/XMLSchema" xmlns:xsi="http://www.w3.org/2001/XMLSchema-instance" Version="0.0.0.0">
  <Summary numSequencePoints="0" visitedSequencePoints="0" numBranchPoints="0" visitedBranchPoints="0" sequenceCoverage="0" branchCoverage="0" maxCyclomaticComplexity="0" minCyclomaticComplexity="0" maxCrapScore="0" minCrapScore="0" visitedClasses="0" numClasses="0" visitedMethods="0" numMethods="0" />
  <Modules>
    <Module>
      <Summary numSequencePoints="0" visitedSequencePoints="0" numBranchPoints="0" visitedBranchPoints="0" sequenceCoverage="0" branchCoverage="0" maxCyclomaticComplexity="0" minCyclomaticComplexity="0" maxCrapScore="0" minCrapScore="0" visitedClasses="0" numClasses="0" visitedMethods="0" numMethods="0" />
      <ModuleTime>0001-01-01T00:00:00</ModuleTime>
      <ModuleName>BitSerialization</ModuleName>
      <Files>
        <File uid="1" fullPath="/home/erikh/DunkingMaschine/PackageHost/DunkingMaschinePackageHost/Packages/bit-serializer/Package/BitSerialization/BitBuffer.cs" />
        <File uid="2" fullPath="/home/erikh/DunkingMaschine/PackageHost/DunkingMaschinePackageHost/Packages/bit-serializer/Package/BitSerialization/BitSerializer.cs" />
      </Files>
      <Classes>
        <Class>
          <Summary numSequencePoints="0" visitedSequencePoints="0" numBranchPoints="0" visitedBranchPoints="0" sequenceCoverage="0" branchCoverage="0" maxCyclomaticComplexity="0" minCyclomaticComplexity="0" maxCrapScore="0" minCrapScore="0" visitedClasses="0" numClasses="0" visitedMethods="0" numMethods="0" />
          <FullName>com.Dunkingmachine.BitSerialization.BitBuffer</FullName>
          <Methods>
            <Method visited="true" cyclomaticComplexity="0" nPathComplexity="0" sequenceCoverage="100.0" branchCoverage="0" crapScore="0" isConstructor="false" isStatic="false" isGetter="true" isSetter="false">
              <Summary numSequencePoints="0" visitedSequencePoints="0" numBranchPoints="0" visitedBranchPoints="0" sequenceCoverage="100.0" branchCoverage="0" maxCyclomaticComplexity="0" minCyclomaticComplexity="0" maxCrapScore="0" minCrapScore="0" visitedClasses="0" numClasses="0" visitedMethods="0" numMethods="0" />
              <MetadataToken>100663297</MetadataToken>
              <Name>com.Dunkingmachine.BitSerialization.BitBuffer/Mode com.Dunkingmachine.BitSerialization.BitBuffer::get_BufferMode()</Name>
              <FileRef uid="1" />
              <SequencePoints>
                <SequencePoint vc="3365248" uspid="193" ordinal="0" offset="0" sl="10" sc="34" el="10" ec="34" bec="0" bev="0" fileid="1" />
              </SequencePoints>
              <BranchPoints />
            </Method>
            <Method visited="true" cyclomaticComplexity="0" nPathComplexity="0" sequenceCoverage="95.8" branchCoverage="0" crapScore="0" isConstructor="false" isStatic="false" isGetter="false" isSetter="false">
              <Summary numSequencePoints="0" visitedSequencePoints="0" numBranchPoints="0" visitedBranchPoints="0" sequenceCoverage="95.8" branchCoverage="0" maxCyclomaticComplexity="0" minCyclomaticComplexity="0" maxCrapScore="0" minCrapScore="0" visitedClasses="0" numClasses="0" visitedMethods="0" numMethods="0" />
              <MetadataToken>100663300</MetadataToken>
              <Name>System.UInt64 com.Dunkingmachine.BitSerialization.BitBuffer::Read(System.Int32)</Name>
              <FileRef uid="1" />
              <SequencePoints>
                <SequencePoint vc="504046" uspid="194" ordinal="0" offset="0" sl="32" sc="9" el="32" ec="9" bec="0" bev="0" fileid="1" />
                <SequencePoint vc="504046" uspid="195" ordinal="0" offset="1" sl="33" sc="13" el="33" ec="13" bec="0" bev="0" fileid="1" />
                <SequencePoint vc="0" uspid="196" ordinal="0" offset="14" sl="34" sc="17" el="34" ec="17" bec="0" bev="0" fileid="1" />
                <SequencePoint vc="504046" uspid="197" ordinal="0" offset="25" sl="35" sc="13" el="35" ec="13" bec="0" bev="0" fileid="1" />
                <SequencePoint vc="504046" uspid="198" ordinal="0" offset="34" sl="37" sc="13" el="37" ec="13" bec="0" bev="0" fileid="1" />
                <SequencePoint vc="76076" uspid="199" ordinal="0" offset="45" sl="38" sc="13" el="38" ec="13" bec="0" bev="0" fileid="1" />
                <SequencePoint vc="76076" uspid="200" ordinal="0" offset="46" sl="39" sc="17" el="39" ec="17" bec="0" bev="0" fileid="1" />
                <SequencePoint vc="76076" uspid="201" ordinal="0" offset="78" sl="40" sc="17" el="40" ec="17" bec="0" bev="0" fileid="1" />
                <SequencePoint vc="76076" uspid="202" ordinal="0" offset="86" sl="41" sc="13" el="41" ec="13" bec="0" bev="0" fileid="1" />
                <SequencePoint vc="427970" uspid="203" ordinal="0" offset="92" sl="43" sc="13" el="43" ec="13" bec="0" bev="0" fileid="1" />
                <SequencePoint vc="427970" uspid="204" ordinal="0" offset="93" sl="44" sc="17" el="44" ec="17" bec="0" bev="0" fileid="1" />
                <SequencePoint vc="427970" uspid="205" ordinal="0" offset="98" sl="45" sc="17" el="45" ec="17" bec="0" bev="0" fileid="1" />
                <SequencePoint vc="427970" uspid="206" ordinal="0" offset="123" sl="46" sc="17" el="46" ec="17" bec="0" bev="0" fileid="1" />
                <SequencePoint vc="675210" uspid="207" ordinal="0" offset="133" sl="48" sc="17" el="48" ec="17" bec="0" bev="0" fileid="1" />
                <SequencePoint vc="675210" uspid="208" ordinal="0" offset="134" sl="49" sc="21" el="49" ec="21" bec="0" bev="0" fileid="1" />
                <SequencePoint vc="675210" uspid="209" ordinal="0" offset="159" sl="50" sc="21" el="50" ec="21" bec="0" bev="0" fileid="1" />
                <SequencePoint vc="675210" uspid="210" ordinal="0" offset="165" sl="51" sc="21" el="51" ec="21" bec="0" bev="0" fileid="1" />
                <SequencePoint vc="675210" uspid="211" ordinal="0" offset="173" sl="52" sc="17" el="52" ec="17" bec="0" bev="0" fileid="1" />
                <SequencePoint vc="1103180" uspid="212" ordinal="0" offset="174" sl="47" sc="17" el="47" ec="17" bec="0" bev="0" fileid="1" />
                <SequencePoint vc="427970" uspid="213" ordinal="0" offset="185" sl="54" sc="17" el="54" ec="17" bec="0" bev="0" fileid="1" />
                <SequencePoint vc="427970" uspid="214" ordinal="0" offset="218" sl="55" sc="17" el="55" ec="17" bec="0" bev="0" fileid="1" />
                <SequencePoint vc="427970" uspid="215" ordinal="0" offset="227" sl="56" sc="13" el="56" ec="13" bec="0" bev="0" fileid="1" />
                <SequencePoint vc="504046" uspid="216" ordinal="0" offset="228" sl="57" sc="13" el="57" ec="13" bec="0" bev="0" fileid="1" />
                <SequencePoint vc="504046" uspid="217" ordinal="0" offset="233" sl="58" sc="9" el="58" ec="9" bec="0" bev="0" fileid="1" />
              </SequencePoints>
              <BranchPoints />
            </Method>
            <Method visited="true" cyclomaticComplexity="0" nPathComplexity="0" sequenceCoverage="91.3" branchCoverage="0" crapScore="0" isConstructor="false" isStatic="false" isGetter="false" isSetter="false">
              <Summary numSequencePoints="0" visitedSequencePoints="0" numBranchPoints="0" visitedBranchPoints="0" sequenceCoverage="91.3" branchCoverage="0" maxCyclomaticComplexity="0" minCyclomaticComplexity="0" maxCrapScore="0" minCrapScore="0" visitedClasses="0" numClasses="0" visitedMethods="0" numMethods="0" />
              <MetadataToken>100663301</MetadataToken>
              <Name>System.Void com.Dunkingmachine.BitSerialization.BitBuffer::Write(System.UInt64, System.Int32)</Name>
              <FileRef uid="1" />
              <SequencePoints>
                <SequencePoint vc="504046" uspid="218" ordinal="0" offset="0" sl="61" sc="9" el="61" ec="9" bec="0" bev="0" fileid="1" />
                <SequencePoint vc="504046" uspid="219" ordinal="0" offset="1" sl="62" sc="13" el="62" ec="13" bec="0" bev="0" fileid="1" />
                <SequencePoint vc="0" uspid="220" ordinal="0" offset="17" sl="63" sc="17" el="63" ec="17" bec="0" bev="0" fileid="1" />
                <SequencePoint vc="504046" uspid="221" ordinal="0" offset="28" sl="64" sc="13" el="64" ec="13" bec="0" bev="0" fileid="1" />
                <SequencePoint vc="0" uspid="222" ordinal="0" offset="38" sl="65" sc="17" el="65" ec="17" bec="0" bev="0" fileid="1" />
                <SequencePoint vc="504046" uspid="223" ordinal="0" offset="49" sl="67" sc="13" el="67" ec="13" bec="0" bev="0" fileid="1" />
                <SequencePoint vc="504046" uspid="224" ordinal="0" offset="58" sl="68" sc="13" el="68" ec="13" bec="0" bev="0" fileid="1" />
                <SequencePoint vc="76076" uspid="225" ordinal="0" offset="71" sl="69" sc="13" el="69" ec="13" bec="0" bev="0" fileid="1" />
                <SequencePoint vc="76076" uspid="226" ordinal="0" offset="72" sl="70" sc="17" el="70" ec="17" bec="0" bev="0" fileid="1" />
                <SequencePoint vc="76076" uspid="227" ordinal="0" offset="125" sl="71" sc="17" el="71" ec="17" bec="0" bev="0" fileid="1" />
                <SequencePoint vc="76076" uspid="228" ordinal="0" offset="133" sl="72" sc="17" el="72" ec="17" bec="0" bev="0" fileid="1" />
                <SequencePoint vc="427970" uspid="229" ordinal="0" offset="138" sl="75" sc="13" el="75" ec="13" bec="0" bev="0" fileid="1" />
                <SequencePoint vc="427970" uspid="230" ordinal="0" offset="191" sl="76" sc="13" el="76" ec="13" bec="0" bev="0" fileid="1" />
                <SequencePoint vc="427970" uspid="231" ordinal="0" offset="199" sl="77" sc="13" el="77" ec="13" bec="0" bev="0" fileid="1" />
                <SequencePoint vc="675210" uspid="232" ordinal="0" offset="205" sl="79" sc="13" el="79" ec="13" bec="0" bev="0" fileid="1" />
                <SequencePoint vc="675210" uspid="233" ordinal="0" offset="206" sl="80" sc="17" el="80" ec="17" bec="0" bev="0" fileid="1" />
                <SequencePoint vc="675210" uspid="234" ordinal="0" offset="233" sl="81" sc="17" el="81" ec="17" bec="0" bev="0" fileid="1" />
                <SequencePoint vc="675210" uspid="235" ordinal="0" offset="241" sl="82" sc="17" el="82" ec="17" bec="0" bev="0" fileid="1" />
                <SequencePoint vc="675210" uspid="236" ordinal="0" offset="245" sl="83" sc="13" el="83" ec="13" bec="0" bev="0" fileid="1" />
                <SequencePoint vc="1103180" uspid="237" ordinal="0" offset="246" sl="78" sc="13" el="78" ec="13" bec="0" bev="0" fileid="1" />
                <SequencePoint vc="427970" uspid="238" ordinal="0" offset="256" sl="85" sc="13" el="85" ec="13" bec="0" bev="0" fileid="1" />
                <SequencePoint vc="427970" uspid="239" ordinal="0" offset="283" sl="86" sc="13" el="86" ec="13" bec="0" bev="0" fileid="1" />
                <SequencePoint vc="504046" uspid="240" ordinal="0" offset="291" sl="87" sc="9" el="87" ec="9" bec="0" bev="0" fileid="1" />
              </SequencePoints>
              <BranchPoints />
            </Method>
            <Method visited="true" cyclomaticComplexity="0" nPathComplexity="0" sequenceCoverage="100.0" branchCoverage="0" crapScore="0" isConstructor="false" isStatic="false" isGetter="false" isSetter="false">
              <Summary numSequencePoints="0" visitedSequencePoints="0" numBranchPoints="0" visitedBranchPoints="0" sequenceCoverage="100.0" branchCoverage="0" maxCyclomaticComplexity="0" minCyclomaticComplexity="0" maxCrapScore="0" minCrapScore="0" visitedClasses="0" numClasses="0" visitedMethods="0" numMethods="0" />
              <MetadataToken>100663302</MetadataToken>
              <Name>System.Byte[] com.Dunkingmachine.BitSerialization.BitBuffer::GetBytes()</Name>
              <FileRef uid="1" />
              <SequencePoints>
                <SequencePoint vc="8" uspid="241" ordinal="0" offset="0" sl="90" sc="9" el="90" ec="9" bec="0" bev="0" fileid="1" />
                <SequencePoint vc="8" uspid="242" ordinal="0" offset="1" sl="91" sc="13" el="91" ec="13" bec="0" bev="0" fileid="1" />
                <SequencePoint vc="8" uspid="243" ordinal="0" offset="14" sl="92" sc="17" el="92" ec="17" bec="0" bev="0" fileid="1" />
                <SequencePoint vc="8" uspid="244" ordinal="0" offset="21" sl="93" sc="13" el="93" ec="13" bec="0" bev="0" fileid="1" />
                <SequencePoint vc="8" uspid="245" ordinal="0" offset="30" sl="94" sc="9" el="94" ec="9" bec="0" bev="0" fileid="1" />
              </SequencePoints>
              <BranchPoints />
            </Method>
            <Method visited="true" cyclomaticComplexity="0" nPathComplexity="0" sequenceCoverage="100.0" branchCoverage="0" crapScore="0" isConstructor="false" isStatic="false" isGetter="false" isSetter="false">
              <Summary numSequencePoints="0" visitedSequencePoints="0" numBranchPoints="0" visitedBranchPoints="0" sequenceCoverage="100.0" branchCoverage="0" maxCyclomaticComplexity="0" minCyclomaticComplexity="0" maxCrapScore="0" minCrapScore="0" visitedClasses="0" numClasses="0" visitedMethods="0" numMethods="0" />
              <MetadataToken>100663303</MetadataToken>
              <Name>System.Void com.Dunkingmachine.BitSerialization.BitBuffer::Close()</Name>
              <FileRef uid="1" />
              <SequencePoints>
                <SequencePoint vc="8" uspid="246" ordinal="0" offset="0" sl="97" sc="9" el="97" ec="9" bec="0" bev="0" fileid="1" />
                <SequencePoint vc="8" uspid="247" ordinal="0" offset="1" sl="98" sc="13" el="98" ec="13" bec="0" bev="0" fileid="1" />
                <SequencePoint vc="8" uspid="248" ordinal="0" offset="8" sl="99" sc="13" el="99" ec="13" bec="0" bev="0" fileid="1" />
                <SequencePoint vc="8" uspid="249" ordinal="0" offset="50" sl="100" sc="13" el="100" ec="13" bec="0" bev="0" fileid="1" />
                <SequencePoint vc="8" uspid="250" ordinal="0" offset="67" sl="101" sc="9" el="101" ec="9" bec="0" bev="0" fileid="1" />
              </SequencePoints>
              <BranchPoints />
            </Method>
            <Method visited="true" cyclomaticComplexity="0" nPathComplexity="0" sequenceCoverage="100.0" branchCoverage="0" crapScore="0" isConstructor="false" isStatic="false" isGetter="false" isSetter="false">
              <Summary numSequencePoints="0" visitedSequencePoints="0" numBranchPoints="0" visitedBranchPoints="0" sequenceCoverage="100.0" branchCoverage="0" maxCyclomaticComplexity="0" minCyclomaticComplexity="0" maxCrapScore="0" minCrapScore="0" visitedClasses="0" numClasses="0" visitedMethods="0" numMethods="0" />
              <MetadataToken>100663304</MetadataToken>
              <Name>System.Void com.Dunkingmachine.BitSerialization.BitBuffer::IncrementIndex(System.Int32)</Name>
              <FileRef uid="1" />
              <SequencePoints>
                <SequencePoint vc="3214452" uspid="251" ordinal="0" offset="0" sl="104" sc="9" el="104" ec="9" bec="0" bev="0" fileid="1" />
                <SequencePoint vc="3214452" uspid="252" ordinal="0" offset="1" sl="105" sc="13" el="105" ec="13" bec="0" bev="0" fileid="1" />
                <SequencePoint vc="2357156" uspid="253" ordinal="0" offset="17" sl="107" sc="13" el="107" ec="13" bec="0" bev="0" fileid="1" />
                <SequencePoint vc="2357156" uspid="254" ordinal="0" offset="18" sl="108" sc="17" el="108" ec="17" bec="0" bev="0" fileid="1" />
                <SequencePoint vc="2357156" uspid="255" ordinal="0" offset="32" sl="109" sc="17" el="109" ec="17" bec="0" bev="0" fileid="1" />
                <SequencePoint vc="2357156" uspid="256" ordinal="0" offset="46" sl="110" sc="17" el="110" ec="17" bec="0" bev="0" fileid="1" />
                <SequencePoint vc="1178578" uspid="257" ordinal="0" offset="59" sl="111" sc="21" el="111" ec="21" bec="0" bev="0" fileid="1" />
                <SequencePoint vc="2357156" uspid="258" ordinal="0" offset="72" sl="112" sc="13" el="112" ec="13" bec="0" bev="0" fileid="1" />
                <SequencePoint vc="5571608" uspid="259" ordinal="0" offset="73" sl="106" sc="13" el="106" ec="13" bec="0" bev="0" fileid="1" />
                <SequencePoint vc="3214452" uspid="260" ordinal="0" offset="86" sl="114" sc="9" el="114" ec="9" bec="0" bev="0" fileid="1" />
              </SequencePoints>
              <BranchPoints />
            </Method>
            <Method visited="true" cyclomaticComplexity="0" nPathComplexity="0" sequenceCoverage="100.0" branchCoverage="0" crapScore="0" isConstructor="true" isStatic="false" isGetter="false" isSetter="false">
              <Summary numSequencePoints="0" visitedSequencePoints="0" numBranchPoints="0" visitedBranchPoints="0" sequenceCoverage="100.0" branchCoverage="0" maxCyclomaticComplexity="0" minCyclomaticComplexity="0" maxCrapScore="0" minCrapScore="0" visitedClasses="0" numClasses="0" visitedMethods="0" numMethods="0" />
              <MetadataToken>100663298</MetadataToken>
              <Name>com.Dunkingmachine.BitSerialization.BitBuffer::BitBuffer()</Name>
              <FileRef uid="1" />
              <SequencePoints>
                <SequencePoint vc="9" uspid="261" ordinal="0" offset="0" sl="18" sc="9" el="18" ec="9" bec="0" bev="0" fileid="1" />
                <SequencePoint vc="9" uspid="262" ordinal="0" offset="7" sl="19" sc="9" el="19" ec="9" bec="0" bev="0" fileid="1" />
                <SequencePoint vc="9" uspid="263" ordinal="0" offset="8" sl="20" sc="13" el="20" ec="13" bec="0" bev="0" fileid="1" />
                <SequencePoint vc="9" uspid="264" ordinal="0" offset="15" sl="21" sc="13" el="21" ec="13" bec="0" bev="0" fileid="1" />
                <SequencePoint vc="9" uspid="265" ordinal="0" offset="34" sl="22" sc="9" el="22" ec="9" bec="0" bev="0" fileid="1" />
              </SequencePoints>
              <BranchPoints />
            </Method>
            <Method visited="true" cyclomaticComplexity="0" nPathComplexity="0" sequenceCoverage="100.0" branchCoverage="0" crapScore="0" isConstructor="true" isStatic="false" isGetter="false" isSetter="false">
              <Summary numSequencePoints="0" visitedSequencePoints="0" numBranchPoints="0" visitedBranchPoints="0" sequenceCoverage="100.0" branchCoverage="0" maxCyclomaticComplexity="0" minCyclomaticComplexity="0" maxCrapScore="0" minCrapScore="0" visitedClasses="0" numClasses="0" visitedMethods="0" numMethods="0" />
              <MetadataToken>100663299</MetadataToken>
              <Name>com.Dunkingmachine.BitSerialization.BitBuffer::BitBuffer(System.Byte[])</Name>
              <FileRef uid="1" />
              <SequencePoints>
                <SequencePoint vc="8" uspid="266" ordinal="0" offset="0" sl="24" sc="9" el="24" ec="9" bec="0" bev="0" fileid="1" />
                <SequencePoint vc="8" uspid="267" ordinal="0" offset="7" sl="25" sc="9" el="25" ec="9" bec="0" bev="0" fileid="1" />
                <SequencePoint vc="8" uspid="268" ordinal="0" offset="8" sl="26" sc="13" el="26" ec="13" bec="0" bev="0" fileid="1" />
                <SequencePoint vc="8" uspid="269" ordinal="0" offset="15" sl="27" sc="13" el="27" ec="13" bec="0" bev="0" fileid="1" />
                <SequencePoint vc="8" uspid="270" ordinal="0" offset="22" sl="28" sc="13" el="28" ec="13" bec="0" bev="0" fileid="1" />
                <SequencePoint vc="8" uspid="271" ordinal="0" offset="29" sl="29" sc="9" el="29" ec="9" bec="0" bev="0" fileid="1" />
              </SequencePoints>
              <BranchPoints />
            </Method>
          </Methods>
        </Class>
        <Class>
          <Summary numSequencePoints="0" visitedSequencePoints="0" numBranchPoints="0" visitedBranchPoints="0" sequenceCoverage="0" branchCoverage="0" maxCyclomaticComplexity="0" minCyclomaticComplexity="0" maxCrapScore="0" minCrapScore="0" visitedClasses="0" numClasses="0" visitedMethods="0" numMethods="0" />
          <FullName>com.Dunkingmachine.BitSerialization.BitSerializer</FullName>
          <Methods>
            <Method visited="false" cyclomaticComplexity="0" nPathComplexity="0" sequenceCoverage="0.0" branchCoverage="0" crapScore="0" isConstructor="false" isStatic="false" isGetter="true" isSetter="false">
              <Summary numSequencePoints="0" visitedSequencePoints="0" numBranchPoints="0" visitedBranchPoints="0" sequenceCoverage="0.0" branchCoverage="0" maxCyclomaticComplexity="0" minCyclomaticComplexity="0" maxCrapScore="0" minCrapScore="0" visitedClasses="0" numClasses="0" visitedMethods="0" numMethods="0" />
              <MetadataToken>100663305</MetadataToken>
              <Name>com.Dunkingmachine.BitSerialization.BitBuffer/Mode com.Dunkingmachine.BitSerialization.BitSerializer::get_BufferMode()</Name>
              <FileRef uid="2" />
              <SequencePoints>
                <SequencePoint vc="0" uspid="272" ordinal="0" offset="0" sl="10" sc="0" el="10" ec="0" bec="0" bev="0" fileid="2" />
              </SequencePoints>
              <BranchPoints />
            </Method>
            <Method visited="true" cyclomaticComplexity="0" nPathComplexity="0" sequenceCoverage="100.0" branchCoverage="0" crapScore="0" isConstructor="false" isStatic="false" isGetter="false" isSetter="false">
              <Summary numSequencePoints="0" visitedSequencePoints="0" numBranchPoints="0" visitedBranchPoints="0" sequenceCoverage="100.0" branchCoverage="0" maxCyclomaticComplexity="0" minCyclomaticComplexity="0" maxCrapScore="0" minCrapScore="0" visitedClasses="0" numClasses="0" visitedMethods="0" numMethods="0" />
              <MetadataToken>100663308</MetadataToken>
              <Name>System.Byte[] com.Dunkingmachine.BitSerialization.BitSerializer::GetBytes()</Name>
              <FileRef uid="2" />
              <SequencePoints>
                <SequencePoint vc="6" uspid="273" ordinal="0" offset="0" sl="23" sc="9" el="23" ec="9" bec="0" bev="0" fileid="2" />
                <SequencePoint vc="6" uspid="274" ordinal="0" offset="1" sl="24" sc="13" el="24" ec="13" bec="0" bev="0" fileid="2" />
                <SequencePoint vc="6" uspid="275" ordinal="0" offset="15" sl="25" sc="9" el="25" ec="9" bec="0" bev="0" fileid="2" />
              </SequencePoints>
              <BranchPoints />
            </Method>
            <Method visited="true" cyclomaticComplexity="0" nPathComplexity="0" sequenceCoverage="100.0" branchCoverage="0" crapScore="0" isConstructor="false" isStatic="false" isGetter="false" isSetter="false">
              <Summary numSequencePoints="0" visitedSequencePoints="0" numBranchPoints="0" visitedBranchPoints="0" sequenceCoverage="100.0" branchCoverage="0" maxCyclomaticComplexity="0" minCyclomaticComplexity="0" maxCrapScore="0" minCrapScore="0" visitedClasses="0" numClasses="0" visitedMethods="0" numMethods="0" />
              <MetadataToken>100663309</MetadataToken>
              <Name>System.Void com.Dunkingmachine.BitSerialization.BitSerializer::WriteVarInt(System.Int64)</Name>
              <FileRef uid="2" />
              <SequencePoints>
                <SequencePoint vc="104" uspid="276" ordinal="0" offset="0" sl="29" sc="9" el="29" ec="9" bec="0" bev="0" fileid="2" />
                <SequencePoint vc="104" uspid="277" ordinal="0" offset="1" sl="30" sc="13" el="30" ec="13" bec="0" bev="0" fileid="2" />
                <SequencePoint vc="3" uspid="278" ordinal="0" offset="13" sl="31" sc="13" el="31" ec="13" bec="0" bev="0" fileid="2" />
                <SequencePoint vc="3" uspid="279" ordinal="0" offset="14" sl="32" sc="17" el="32" ec="17" bec="0" bev="0" fileid="2" />
                <SequencePoint vc="3" uspid="280" ordinal="0" offset="29" sl="33" sc="13" el="33" ec="13" bec="0" bev="0" fileid="2" />
                <SequencePoint vc="101" uspid="281" ordinal="0" offset="32" sl="35" sc="13" el="35" ec="13" bec="0" bev="0" fileid="2" />
                <SequencePoint vc="101" uspid="282" ordinal="0" offset="33" sl="36" sc="17" el="36" ec="17" bec="0" bev="0" fileid="2" />
                <SequencePoint vc="101" uspid="283" ordinal="0" offset="48" sl="37" sc="17" el="37" ec="17" bec="0" bev="0" fileid="2" />
                <SequencePoint vc="101" uspid="284" ordinal="0" offset="54" sl="38" sc="13" el="38" ec="13" bec="0" bev="0" fileid="2" />
                <SequencePoint vc="314" uspid="285" ordinal="0" offset="55" sl="41" sc="13" el="41" ec="13" bec="0" bev="0" fileid="2" />
                <SequencePoint vc="314" uspid="286" ordinal="0" offset="56" sl="42" sc="17" el="42" ec="17" bec="0" bev="0" fileid="2" />
                <SequencePoint vc="314" uspid="287" ordinal="0" offset="74" sl="43" sc="17" el="43" ec="17" bec="0" bev="0" fileid="2" />
                <SequencePoint vc="314" uspid="288" ordinal="0" offset="79" sl="44" sc="17" el="44" ec="17" bec="0" bev="0" fileid="2" />
                <SequencePoint vc="314" uspid="289" ordinal="0" offset="102" sl="45" sc="13" el="45" ec="13" bec="0" bev="0" fileid="2" />
                <SequencePoint vc="314" uspid="290" ordinal="0" offset="103" sl="45" sc="15" el="45" ec="15" bec="0" bev="0" fileid="2" />
                <SequencePoint vc="104" uspid="291" ordinal="0" offset="112" sl="46" sc="9" el="46" ec="9" bec="0" bev="0" fileid="2" />
              </SequencePoints>
              <BranchPoints />
            </Method>
            <Method visited="true" cyclomaticComplexity="0" nPathComplexity="0" sequenceCoverage="100.0" branchCoverage="0" crapScore="0" isConstructor="false" isStatic="false" isGetter="false" isSetter="false">
              <Summary numSequencePoints="0" visitedSequencePoints="0" numBranchPoints="0" visitedBranchPoints="0" sequenceCoverage="100.0" branchCoverage="0" maxCyclomaticComplexity="0" minCyclomaticComplexity="0" maxCrapScore="0" minCrapScore="0" visitedClasses="0" numClasses="0" visitedMethods="0" numMethods="0" />
              <MetadataToken>100663310</MetadataToken>
              <Name>System.Int64 com.Dunkingmachine.BitSerialization.BitSerializer::ReadVarInt()</Name>
              <FileRef uid="2" />
              <SequencePoints>
                <SequencePoint vc="104" uspid="292" ordinal="0" offset="0" sl="49" sc="9" el="49" ec="9" bec="0" bev="0" fileid="2" />
                <SequencePoint vc="104" uspid="293" ordinal="0" offset="1" sl="50" sc="13" el="50" ec="13" bec="0" bev="0" fileid="2" />
                <SequencePoint vc="104" uspid="294" ordinal="0" offset="14" sl="51" sc="13" el="51" ec="13" bec="0" bev="0" fileid="2" />
                <SequencePoint vc="104" uspid="295" ordinal="0" offset="17" sl="52" sc="13" el="52" ec="13" bec="0" bev="0" fileid="2" />
                <SequencePoint vc="314" uspid="296" ordinal="0" offset="19" sl="54" sc="13" el="54" ec="13" bec="0" bev="0" fileid="2" />
                <SequencePoint vc="314" uspid="297" ordinal="0" offset="20" sl="55" sc="17" el="55" ec="17" bec="0" bev="0" fileid="2" />
                <SequencePoint vc="314" uspid="298" ordinal="0" offset="40" sl="56" sc="17" el="56" ec="17" bec="0" bev="0" fileid="2" />
                <SequencePoint vc="314" uspid="299" ordinal="0" offset="44" sl="57" sc="13" el="57" ec="13" bec="0" bev="0" fileid="2" />
                <SequencePoint vc="314" uspid="300" ordinal="0" offset="45" sl="57" sc="15" el="57" ec="15" bec="0" bev="0" fileid="2" />
                <SequencePoint vc="104" uspid="301" ordinal="0" offset="65" sl="59" sc="13" el="59" ec="13" bec="0" bev="0" fileid="2" />
                <SequencePoint vc="101" uspid="302" ordinal="0" offset="76" sl="60" sc="17" el="60" ec="17" bec="0" bev="0" fileid="2" />
                <SequencePoint vc="104" uspid="303" ordinal="0" offset="81" sl="61" sc="13" el="61" ec="13" bec="0" bev="0" fileid="2" />
                <SequencePoint vc="104" uspid="304" ordinal="0" offset="86" sl="62" sc="9" el="62" ec="9" bec="0" bev="0" fileid="2" />
              </SequencePoints>
              <BranchPoints />
            </Method>
            <Method visited="true" cyclomaticComplexity="0" nPathComplexity="0" sequenceCoverage="100.0" branchCoverage="0" crapScore="0" isConstructor="false" isStatic="false" isGetter="false" isSetter="false">
              <Summary numSequencePoints="0" visitedSequencePoints="0" numBranchPoints="0" visitedBranchPoints="0" sequenceCoverage="100.0" branchCoverage="0" maxCyclomaticComplexity="0" minCyclomaticComplexity="0" maxCrapScore="0" minCrapScore="0" visitedClasses="0" numClasses="0" visitedMethods="0" numMethods="0" />
              <MetadataToken>100663311</MetadataToken>
              <Name>System.Void com.Dunkingmachine.BitSerialization.BitSerializer::WriteInt(System.Int32, System.Int32)</Name>
              <FileRef uid="2" />
              <SequencePoints>
                <SequencePoint vc="103" uspid="305" ordinal="0" offset="0" sl="65" sc="9" el="65" ec="9" bec="0" bev="0" fileid="2" />
                <SequencePoint vc="103" uspid="306" ordinal="0" offset="1" sl="66" sc="13" el="66" ec="13" bec="0" bev="0" fileid="2" />
                <SequencePoint vc="1" uspid="307" ordinal="0" offset="12" sl="67" sc="13" el="67" ec="13" bec="0" bev="0" fileid="2" />
                <SequencePoint vc="1" uspid="308" ordinal="0" offset="13" sl="68" sc="17" el="68" ec="17" bec="0" bev="0" fileid="2" />
                <SequencePoint vc="1" uspid="309" ordinal="0" offset="28" sl="69" sc="17" el="69" ec="17" bec="0" bev="0" fileid="2" />
                <SequencePoint vc="1" uspid="310" ordinal="0" offset="43" sl="70" sc="13" el="70" ec="13" bec="0" bev="0" fileid="2" />
                <SequencePoint vc="102" uspid="311" ordinal="0" offset="46" sl="72" sc="13" el="72" ec="13" bec="0" bev="0" fileid="2" />
                <SequencePoint vc="102" uspid="312" ordinal="0" offset="47" sl="73" sc="17" el="73" ec="17" bec="0" bev="0" fileid="2" />
                <SequencePoint vc="102" uspid="313" ordinal="0" offset="62" sl="74" sc="17" el="74" ec="17" bec="0" bev="0" fileid="2" />
                <SequencePoint vc="102" uspid="314" ordinal="0" offset="79" sl="75" sc="13" el="75" ec="13" bec="0" bev="0" fileid="2" />
                <SequencePoint vc="103" uspid="315" ordinal="0" offset="80" sl="76" sc="9" el="76" ec="9" bec="0" bev="0" fileid="2" />
              </SequencePoints>
              <BranchPoints />
            </Method>
            <Method visited="true" cyclomaticComplexity="0" nPathComplexity="0" sequenceCoverage="100.0" branchCoverage="0" crapScore="0" isConstructor="false" isStatic="false" isGetter="false" isSetter="false">
              <Summary numSequencePoints="0" visitedSequencePoints="0" numBranchPoints="0" visitedBranchPoints="0" sequenceCoverage="100.0" branchCoverage="0" maxCyclomaticComplexity="0" minCyclomaticComplexity="0" maxCrapScore="0" minCrapScore="0" visitedClasses="0" numClasses="0" visitedMethods="0" numMethods="0" />
              <MetadataToken>100663312</MetadataToken>
              <Name>System.Int32 com.Dunkingmachine.BitSerialization.BitSerializer::ReadInt(System.Int32)</Name>
              <FileRef uid="2" />
              <SequencePoints>
                <SequencePoint vc="103" uspid="316" ordinal="0" offset="0" sl="79" sc="9" el="79" ec="9" bec="0" bev="0" fileid="2" />
                <SequencePoint vc="103" uspid="317" ordinal="0" offset="1" sl="80" sc="13" el="80" ec="13" bec="0" bev="0" fileid="2" />
                <SequencePoint vc="103" uspid="318" ordinal="0" offset="14" sl="81" sc="13" el="81" ec="13" bec="0" bev="0" fileid="2" />
                <SequencePoint vc="103" uspid="319" ordinal="0" offset="28" sl="82" sc="13" el="82" ec="13" bec="0" bev="0" fileid="2" />
                <SequencePoint vc="102" uspid="320" ordinal="0" offset="37" sl="83" sc="17" el="83" ec="17" bec="0" bev="0" fileid="2" />
                <SequencePoint vc="103" uspid="321" ordinal="0" offset="41" sl="84" sc="13" el="84" ec="13" bec="0" bev="0" fileid="2" />
                <SequencePoint vc="103" uspid="322" ordinal="0" offset="45" sl="85" sc="9" el="85" ec="9" bec="0" bev="0" fileid="2" />
              </SequencePoints>
              <BranchPoints />
            </Method>
            <Method visited="true" cyclomaticComplexity="0" nPathComplexity="0" sequenceCoverage="100.0" branchCoverage="0" crapScore="0" isConstructor="false" isStatic="false" isGetter="false" isSetter="false">
              <Summary numSequencePoints="0" visitedSequencePoints="0" numBranchPoints="0" visitedBranchPoints="0" sequenceCoverage="100.0" branchCoverage="0" maxCyclomaticComplexity="0" minCyclomaticComplexity="0" maxCrapScore="0" minCrapScore="0" visitedClasses="0" numClasses="0" visitedMethods="0" numMethods="0" />
              <MetadataToken>100663313</MetadataToken>
              <Name>System.Void com.Dunkingmachine.BitSerialization.BitSerializer::WriteBool(System.Boolean)</Name>
              <FileRef uid="2" />
              <SequencePoints>
                <SequencePoint vc="103" uspid="323" ordinal="0" offset="0" sl="88" sc="9" el="88" ec="9" bec="0" bev="0" fileid="2" />
                <SequencePoint vc="103" uspid="324" ordinal="0" offset="1" sl="89" sc="13" el="89" ec="13" bec="0" bev="0" fileid="2" />
                <SequencePoint vc="103" uspid="325" ordinal="0" offset="22" sl="90" sc="9" el="90" ec="9" bec="0" bev="0" fileid="2" />
              </SequencePoints>
              <BranchPoints />
            </Method>
            <Method visited="true" cyclomaticComplexity="0" nPathComplexity="0" sequenceCoverage="100.0" branchCoverage="0" crapScore="0" isConstructor="false" isStatic="false" isGetter="false" isSetter="false">
              <Summary numSequencePoints="0" visitedSequencePoints="0" numBranchPoints="0" visitedBranchPoints="0" sequenceCoverage="100.0" branchCoverage="0" maxCyclomaticComplexity="0" minCyclomaticComplexity="0" maxCrapScore="0" minCrapScore="0" visitedClasses="0" numClasses="0" visitedMethods="0" numMethods="0" />
              <MetadataToken>100663314</MetadataToken>
              <Name>System.Boolean com.Dunkingmachine.BitSerialization.BitSerializer::ReadBool()</Name>
              <FileRef uid="2" />
              <SequencePoints>
                <SequencePoint vc="103" uspid="326" ordinal="0" offset="0" sl="93" sc="9" el="93" ec="9" bec="0" bev="0" fileid="2" />
                <SequencePoint vc="103" uspid="327" ordinal="0" offset="1" sl="94" sc="13" el="94" ec="13" bec="0" bev="0" fileid="2" />
                <SequencePoint vc="103" uspid="328" ordinal="0" offset="20" sl="95" sc="9" el="95" ec="9" bec="0" bev="0" fileid="2" />
              </SequencePoints>
              <BranchPoints />
            </Method>
            <Method visited="true" cyclomaticComplexity="0" nPathComplexity="0" sequenceCoverage="100.0" branchCoverage="0" crapScore="0" isConstructor="false" isStatic="false" isGetter="false" isSetter="false">
              <Summary numSequencePoints="0" visitedSequencePoints="0" numBranchPoints="0" visitedBranchPoints="0" sequenceCoverage="100.0" branchCoverage="0" maxCyclomaticComplexity="0" minCyclomaticComplexity="0" maxCrapScore="0" minCrapScore="0" visitedClasses="0" numClasses="0" visitedMethods="0" numMethods="0" />
              <MetadataToken>100663315</MetadataToken>
              <Name>System.Void com.Dunkingmachine.BitSerialization.BitSerializer::WriteFloatLossless(System.Single)</Name>
              <FileRef uid="2" />
              <SequencePoints>
                <SequencePoint vc="103" uspid="329" ordinal="0" offset="0" sl="98" sc="9" el="98" ec="9" bec="0" bev="0" fileid="2" />
                <SequencePoint vc="103" uspid="330" ordinal="0" offset="1" sl="99" sc="13" el="99" ec="13" bec="0" bev="0" fileid="2" />
                <SequencePoint vc="103" uspid="331" ordinal="0" offset="8" sl="100" sc="13" el="100" ec="13" bec="0" bev="0" fileid="2" />
                <SequencePoint vc="103" uspid="332" ordinal="0" offset="14" sl="101" sc="18" el="101" ec="18" bec="0" bev="0" fileid="2" />
                <SequencePoint vc="412" uspid="333" ordinal="0" offset="18" sl="102" sc="13" el="102" ec="13" bec="0" bev="0" fileid="2" />
                <SequencePoint vc="412" uspid="334" ordinal="0" offset="19" sl="103" sc="17" el="103" ec="17" bec="0" bev="0" fileid="2" />
                <SequencePoint vc="412" uspid="335" ordinal="0" offset="44" sl="104" sc="13" el="104" ec="13" bec="0" bev="0" fileid="2" />
                <SequencePoint vc="412" uspid="336" ordinal="0" offset="45" sl="101" sc="36" el="101" ec="36" bec="0" bev="0" fileid="2" />
                <SequencePoint vc="515" uspid="337" ordinal="0" offset="49" sl="101" sc="29" el="101" ec="29" bec="0" bev="0" fileid="2" />
                <SequencePoint vc="103" uspid="338" ordinal="0" offset="57" sl="105" sc="9" el="105" ec="9" bec="0" bev="0" fileid="2" />
              </SequencePoints>
              <BranchPoints />
            </Method>
            <Method visited="true" cyclomaticComplexity="0" nPathComplexity="0" sequenceCoverage="100.0" branchCoverage="0" crapScore="0" isConstructor="false" isStatic="false" isGetter="false" isSetter="false">
              <Summary numSequencePoints="0" visitedSequencePoints="0" numBranchPoints="0" visitedBranchPoints="0" sequenceCoverage="100.0" branchCoverage="0" maxCyclomaticComplexity="0" minCyclomaticComplexity="0" maxCrapScore="0" minCrapScore="0" visitedClasses="0" numClasses="0" visitedMethods="0" numMethods="0" />
              <MetadataToken>100663316</MetadataToken>
              <Name>System.Single com.Dunkingmachine.BitSerialization.BitSerializer::ReadFloatLossless()</Name>
              <FileRef uid="2" />
              <SequencePoints>
                <SequencePoint vc="103" uspid="339" ordinal="0" offset="0" sl="108" sc="9" el="108" ec="9" bec="0" bev="0" fileid="2" />
                <SequencePoint vc="103" uspid="340" ordinal="0" offset="1" sl="109" sc="13" el="109" ec="13" bec="0" bev="0" fileid="2" />
                <SequencePoint vc="103" uspid="341" ordinal="0" offset="7" sl="110" sc="13" el="110" ec="13" bec="0" bev="0" fileid="2" />
                <SequencePoint vc="103" uspid="342" ordinal="0" offset="14" sl="111" sc="18" el="111" ec="18" bec="0" bev="0" fileid="2" />
                <SequencePoint vc="412" uspid="343" ordinal="0" offset="18" sl="112" sc="13" el="112" ec="13" bec="0" bev="0" fileid="2" />
                <SequencePoint vc="412" uspid="344" ordinal="0" offset="19" sl="113" sc="17" el="113" ec="17" bec="0" bev="0" fileid="2" />
                <SequencePoint vc="412" uspid="345" ordinal="0" offset="43" sl="114" sc="13" el="114" ec="13" bec="0" bev="0" fileid="2" />
                <SequencePoint vc="412" uspid="346" ordinal="0" offset="44" sl="111" sc="36" el="111" ec="36" bec="0" bev="0" fileid="2" />
                <SequencePoint vc="515" uspid="347" ordinal="0" offset="48" sl="111" sc="29" el="111" ec="29" bec="0" bev="0" fileid="2" />
                <SequencePoint vc="103" uspid="348" ordinal="0" offset="56" sl="116" sc="13" el="116" ec="13" bec="0" bev="0" fileid="2" />
                <SequencePoint vc="103" uspid="349" ordinal="0" offset="67" sl="117" sc="9" el="117" ec="9" bec="0" bev="0" fileid="2" />
              </SequencePoints>
              <BranchPoints />
            </Method>
            <Method visited="true" cyclomaticComplexity="0" nPathComplexity="0" sequenceCoverage="100.0" branchCoverage="0" crapScore="0" isConstructor="false" isStatic="false" isGetter="false" isSetter="false">
              <Summary numSequencePoints="0" visitedSequencePoints="0" numBranchPoints="0" visitedBranchPoints="0" sequenceCoverage="100.0" branchCoverage="0" maxCyclomaticComplexity="0" minCyclomaticComplexity="0" maxCrapScore="0" minCrapScore="0" visitedClasses="0" numClasses="0" visitedMethods="0" numMethods="0" />
              <MetadataToken>100663317</MetadataToken>
              <Name>System.Void com.Dunkingmachine.BitSerialization.BitSerializer::WriteString(System.String)</Name>
              <FileRef uid="2" />
              <SequencePoints>
                <SequencePoint vc="105" uspid="350" ordinal="0" offset="0" sl="120" sc="9" el="120" ec="9" bec="0" bev="0" fileid="2" />
                <SequencePoint vc="105" uspid="351" ordinal="0" offset="1" sl="121" sc="13" el="121" ec="13" bec="0" bev="0" fileid="2" />
                <SequencePoint vc="105" uspid="352" ordinal="0" offset="13" sl="122" sc="13" el="122" ec="13" bec="0" bev="0" fileid="2" />
                <SequencePoint vc="105" uspid="353" ordinal="0" offset="17" sl="123" sc="13" el="123" ec="13" bec="0" bev="0" fileid="2" />
                <SequencePoint vc="1" uspid="354" ordinal="0" offset="29" sl="124" sc="17" el="124" ec="17" bec="0" bev="0" fileid="2" />
                <SequencePoint vc="104" uspid="355" ordinal="0" offset="40" sl="125" sc="13" el="125" ec="13" bec="0" bev="0" fileid="2" />
                <SequencePoint vc="104" uspid="356" ordinal="0" offset="63" sl="126" sc="13" el="126" ec="13" bec="0" bev="0" fileid="2" />
                <SequencePoint vc="104" uspid="357" ordinal="0" offset="87" sl="127" sc="13" el="127" ec="13" bec="0" bev="0" fileid="2" />
                <SequencePoint vc="104" uspid="358" ordinal="0" offset="88" sl="127" sc="31" el="127" ec="31" bec="0" bev="0" fileid="2" />
                <SequencePoint vc="2380" uspid="359" ordinal="0" offset="95" sl="127" sc="22" el="127" ec="22" bec="0" bev="0" fileid="2" />
                <SequencePoint vc="2380" uspid="360" ordinal="0" offset="101" sl="128" sc="13" el="128" ec="13" bec="0" bev="0" fileid="2" />
                <SequencePoint vc="2380" uspid="361" ordinal="0" offset="102" sl="129" sc="17" el="129" ec="17" bec="0" bev="0" fileid="2" />
                <SequencePoint vc="2380" uspid="362" ordinal="0" offset="118" sl="130" sc="13" el="130" ec="13" bec="0" bev="0" fileid="2" />
                <SequencePoint vc="2484" uspid="363" ordinal="0" offset="125" sl="127" sc="28" el="127" ec="28" bec="0" bev="0" fileid="2" />
                <SequencePoint vc="104" uspid="364" ordinal="0" offset="132" sl="131" sc="9" el="131" ec="9" bec="0" bev="0" fileid="2" />
              </SequencePoints>
              <BranchPoints />
            </Method>
            <Method visited="true" cyclomaticComplexity="0" nPathComplexity="0" sequenceCoverage="100.0" branchCoverage="0" crapScore="0" isConstructor="false" isStatic="false" isGetter="false" isSetter="false">
              <Summary numSequencePoints="0" visitedSequencePoints="0" numBranchPoints="0" visitedBranchPoints="0" sequenceCoverage="100.0" branchCoverage="0" maxCyclomaticComplexity="0" minCyclomaticComplexity="0" maxCrapScore="0" minCrapScore="0" visitedClasses="0" numClasses="0" visitedMethods="0" numMethods="0" />
              <MetadataToken>100663318</MetadataToken>
              <Name>System.String com.Dunkingmachine.BitSerialization.BitSerializer::ReadString()</Name>
              <FileRef uid="2" />
              <SequencePoints>
                <SequencePoint vc="104" uspid="365" ordinal="0" offset="0" sl="134" sc="9" el="134" ec="9" bec="0" bev="0" fileid="2" />
                <SequencePoint vc="104" uspid="366" ordinal="0" offset="1" sl="135" sc="13" el="135" ec="13" bec="0" bev="0" fileid="2" />
                <SequencePoint vc="104" uspid="367" ordinal="0" offset="14" sl="136" sc="13" el="136" ec="13" bec="0" bev="0" fileid="2" />
                <SequencePoint vc="104" uspid="368" ordinal="0" offset="37" sl="137" sc="13" el="137" ec="13" bec="0" bev="0" fileid="2" />
                <SequencePoint vc="104" uspid="369" ordinal="0" offset="44" sl="138" sc="18" el="138" ec="18" bec="0" bev="0" fileid="2" />
                <SequencePoint vc="2380" uspid="370" ordinal="0" offset="48" sl="139" sc="13" el="139" ec="13" bec="0" bev="0" fileid="2" />
                <SequencePoint vc="2380" uspid="371" ordinal="0" offset="49" sl="140" sc="17" el="140" ec="17" bec="0" bev="0" fileid="2" />
                <SequencePoint vc="2380" uspid="372" ordinal="0" offset="65" sl="141" sc="13" el="141" ec="13" bec="0" bev="0" fileid="2" />
                <SequencePoint vc="2380" uspid="373" ordinal="0" offset="66" sl="138" sc="41" el="138" ec="41" bec="0" bev="0" fileid="2" />
                <SequencePoint vc="2484" uspid="374" ordinal="0" offset="70" sl="138" sc="29" el="138" ec="29" bec="0" bev="0" fileid="2" />
                <SequencePoint vc="104" uspid="375" ordinal="0" offset="80" sl="143" sc="13" el="143" ec="13" bec="0" bev="0" fileid="2" />
                <SequencePoint vc="104" uspid="376" ordinal="0" offset="95" sl="144" sc="9" el="144" ec="9" bec="0" bev="0" fileid="2" />
              </SequencePoints>
              <BranchPoints />
            </Method>
            <Method visited="true" cyclomaticComplexity="0" nPathComplexity="0" sequenceCoverage="100.0" branchCoverage="0" crapScore="0" isConstructor="true" isStatic="false" isGetter="false" isSetter="false">
              <Summary numSequencePoints="0" visitedSequencePoints="0" numBranchPoints="0" visitedBranchPoints="0" sequenceCoverage="100.0" branchCoverage="0" maxCyclomaticComplexity="0" minCyclomaticComplexity="0" maxCrapScore="0" minCrapScore="0" visitedClasses="0" numClasses="0" visitedMethods="0" numMethods="0" />
              <MetadataToken>100663306</MetadataToken>
              <Name>com.Dunkingmachine.BitSerialization.BitSerializer::BitSerializer()</Name>
              <FileRef uid="2" />
              <SequencePoints>
                <SequencePoint vc="7" uspid="377" ordinal="0" offset="0" sl="12" sc="9" el="12" ec="9" bec="0" bev="0" fileid="2" />
                <SequencePoint vc="7" uspid="378" ordinal="0" offset="7" sl="13" sc="9" el="13" ec="9" bec="0" bev="0" fileid="2" />
                <SequencePoint vc="7" uspid="379" ordinal="0" offset="8" sl="14" sc="13" el="14" ec="13" bec="0" bev="0" fileid="2" />
                <SequencePoint vc="7" uspid="380" ordinal="0" offset="19" sl="15" sc="9" el="15" ec="9" bec="0" bev="0" fileid="2" />
              </SequencePoints>
              <BranchPoints />
            </Method>
            <Method visited="true" cyclomaticComplexity="0" nPathComplexity="0" sequenceCoverage="100.0" branchCoverage="0" crapScore="0" isConstructor="true" isStatic="false" isGetter="false" isSetter="false">
              <Summary numSequencePoints="0" visitedSequencePoints="0" numBranchPoints="0" visitedBranchPoints="0" sequenceCoverage="100.0" branchCoverage="0" maxCyclomaticComplexity="0" minCyclomaticComplexity="0" maxCrapScore="0" minCrapScore="0" visitedClasses="0" numClasses="0" visitedMethods="0" numMethods="0" />
              <MetadataToken>100663307</MetadataToken>
              <Name>com.Dunkingmachine.BitSerialization.BitSerializer::BitSerializer(System.Byte[])</Name>
              <FileRef uid="2" />
              <SequencePoints>
                <SequencePoint vc="6" uspid="381" ordinal="0" offset="0" sl="17" sc="9" el="17" ec="9" bec="0" bev="0" fileid="2" />
                <SequencePoint vc="6" uspid="382" ordinal="0" offset="7" sl="18" sc="9" el="18" ec="9" bec="0" bev="0" fileid="2" />
                <SequencePoint vc="6" uspid="383" ordinal="0" offset="8" sl="19" sc="13" el="19" ec="13" bec="0" bev="0" fileid="2" />
                <SequencePoint vc="6" uspid="384" ordinal="0" offset="20" sl="20" sc="9" el="20" ec="9" bec="0" bev="0" fileid="2" />
              </SequencePoints>
              <BranchPoints />
            </Method>
          </Methods>
        </Class>
      </Classes>
    </Module>
  </Modules>
</CoverageSession>